Wed Nov 03 07:56:16 CST 2021 : Apache Derby 网络服务器 - 10.15.2.0 - (1873585) 已启动并准备接受端口 1527 上的连接
----------------------------------------------------------------
Wed Nov 03 07:56:38 CST 2021:
正在使用类加载程序 jdk.internal.loader.ClassLoaders$AppClassLoader@6d06d69c 引导数据库
目录 C:\Users\WCG\OneDrive - University of Edinburgh\Year 3\Informatics Large Practical\Assessment\ILP-Coursework\server\database\derbyDB 中的 Derby 版本 The Apache Software Foundation - Apache Derby - 10.15.2.0 - (1873585) 实例 a816c00e-017c-e314-fdc0-00003a8ecc4f
已从 file:/C:/Program%20Files/Derby/lib/derby.jar 加载
java.vendor=Oracle Corporation
user.dir=C:\Users\WCG\OneDrive - University of Edinburgh\Year 3\Informatics Large Practical\Assessment\ILP-Coursework\server\database
os.name=Windows 10
os.arch=amd64
os.version=10.0
derby.system.home=C:\Users\WCG\OneDrive - University of Edinburgh\Year 3\Informatics Large Practical\Assessment\ILP-Coursework\server\database
数据库类加载程序已启动 - derby.database.classpath=''
Wed Nov 03 08:40:03 CST 2021 Thread[DRDAConnThread_3,5,main] (DATABASE = null), (DRDAID = null), Execution failed because of a Distributed Protocol Error:  DRDA_Proto_SYNTAXRM; CODPNT arg  = 0; Error Code Value = 3. Plaintext connection attempt from an SSL enabled client?
Wed Nov 03 08:40:03 CST 2021 : Execution failed because of a Distributed Protocol Error:  DRDA_Proto_SYNTAXRM; CODPNT arg  = 0; Error Code Value = 3. Plaintext connection attempt from an SSL enabled client?
org.apache.derby.impl.drda.DRDAProtocolException: Execution failed because of a Distributed Protocol Error:  DRDA_Proto_SYNTAXRM; CODPNT arg  = 0; Error Code Value = 3. Plaintext connection attempt from an SSL enabled client?
	at org.apache.derby.impl.drda.DRDAConnThread.throwSyntaxrm(DRDAConnThread.java:533)
	at org.apache.derby.impl.drda.DDMReader.readDssHeader(DDMReader.java:359)
	at org.apache.derby.impl.drda.DRDAConnThread.exchangeServerAttributes(DRDAConnThread.java:1176)
	at org.apache.derby.impl.drda.DRDAConnThread.sessionInitialState(DRDAConnThread.java:684)
	at org.apache.derby.impl.drda.DRDAConnThread.run(DRDAConnThread.java:288)
Wed Nov 03 08:40:03 CST 2021 Thread[DRDAConnThread_3,5,main] (DATABASE = null), (DRDAID = null), Execution failed because of a Distributed Protocol Error:  DRDA_Proto_SYNTAXRM; CODPNT arg  = 0; Error Code Value = 3. Plaintext connection attempt from an SSL enabled client?
Wed Nov 03 08:40:03 CST 2021 : Execution failed because of a Distributed Protocol Error:  DRDA_Proto_SYNTAXRM; CODPNT arg  = 0; Error Code Value = 3. Plaintext connection attempt from an SSL enabled client?
org.apache.derby.impl.drda.DRDAProtocolException: Execution failed because of a Distributed Protocol Error:  DRDA_Proto_SYNTAXRM; CODPNT arg  = 0; Error Code Value = 3. Plaintext connection attempt from an SSL enabled client?
	at org.apache.derby.impl.drda.DRDAConnThread.throwSyntaxrm(DRDAConnThread.java:533)
	at org.apache.derby.impl.drda.DDMReader.readDssHeader(DDMReader.java:359)
	at org.apache.derby.impl.drda.DRDAConnThread.exchangeServerAttributes(DRDAConnThread.java:1176)
	at org.apache.derby.impl.drda.DRDAConnThread.sessionInitialState(DRDAConnThread.java:684)
	at org.apache.derby.impl.drda.DRDAConnThread.run(DRDAConnThread.java:288)
